2019-04-11 15:46:40.717  INFO [itcast-microservice-sleuth,,,] 21308 --- [main] cn.itcast.sleuth.Application             : No active profile set, falling back to default profiles: default
2019-04-11 15:46:40.730  INFO [itcast-microservice-sleuth,,,] 21308 --- [main] ationConfigEmbeddedWebApplicationContext : Refreshing org.springframework.boot.context.embedded.AnnotationConfigEmbeddedWebApplicationContext@59a198dd: startup date [Thu Apr 11 15:46:40 CST 2019]; parent: org.springframework.context.annotation.AnnotationConfigApplicationContext@6ba52819
2019-04-11 15:46:41.707  INFO [itcast-microservice-sleuth,,,] 21308 --- [main] o.s.cloud.context.scope.GenericScope     : BeanFactory id=9617d9a3-786c-3943-93ff-19a98c8289fe
2019-04-11 15:46:41.734  INFO [itcast-microservice-sleuth,,,] 21308 --- [main] f.a.AutowiredAnnotationBeanPostProcessor : JSR-330 'javax.inject.Inject' annotation found and supported for autowiring
2019-04-11 15:46:41.850  INFO [itcast-microservice-sleuth,,,] 21308 --- [main] trationDelegate$BeanPostProcessorChecker : Bean 'org.springframework.cloud.sleuth.instrument.async.AsyncDefaultAutoConfiguration$DefaultAsyncConfigurerSupport' of type [org.springframework.cloud.sleuth.instrument.async.AsyncDefaultAutoConfiguration$DefaultAsyncConfigurerSupport$$EnhancerBySpringCGLIB$$2a837e75] is not eligible for getting processed by all BeanPostProcessors (for example: not eligible for auto-proxying)
2019-04-11 15:46:41.951  INFO [itcast-microservice-sleuth,,,] 21308 --- [main] trationDelegate$BeanPostProcessorChecker : Bean 'org.springframework.cloud.sleuth.annotation.SleuthAnnotationAutoConfiguration' of type [org.springframework.cloud.sleuth.annotation.SleuthAnnotationAutoConfiguration$$EnhancerBySpringCGLIB$$efa726e4] is not eligible for getting processed by all BeanPostProcessors (for example: not eligible for auto-proxying)
2019-04-11 15:46:42.134  INFO [itcast-microservice-sleuth,,,] 21308 --- [main] trationDelegate$BeanPostProcessorChecker : Bean 'sleuthAdvisorConfig' of type [org.springframework.cloud.sleuth.annotation.SleuthAdvisorConfig] is not eligible for getting processed by all BeanPostProcessors (for example: not eligible for auto-proxying)
2019-04-11 15:46:42.141  INFO [itcast-microservice-sleuth,,,] 21308 --- [main] trationDelegate$BeanPostProcessorChecker : Bean 'org.springframework.cloud.netflix.metrics.MetricsInterceptorConfiguration$MetricsRestTemplateConfiguration' of type [org.springframework.cloud.netflix.metrics.MetricsInterceptorConfiguration$MetricsRestTemplateConfiguration$$EnhancerBySpringCGLIB$$1f6e86f3] is not eligible for getting processed by all BeanPostProcessors (for example: not eligible for auto-proxying)
2019-04-11 15:46:42.165  INFO [itcast-microservice-sleuth,,,] 21308 --- [main] trationDelegate$BeanPostProcessorChecker : Bean 'org.springframework.cloud.autoconfigure.ConfigurationPropertiesRebinderAutoConfiguration' of type [org.springframework.cloud.autoconfigure.ConfigurationPropertiesRebinderAutoConfiguration$$EnhancerBySpringCGLIB$$95be3af] is not eligible for getting processed by all BeanPostProcessors (for example: not eligible for auto-proxying)
2019-04-11 15:46:42.184  INFO [itcast-microservice-sleuth,,,] 21308 --- [main] trationDelegate$BeanPostProcessorChecker : Bean 'org.springframework.cloud.sleuth.instrument.async.AsyncDefaultAutoConfiguration' of type [org.springframework.cloud.sleuth.instrument.async.AsyncDefaultAutoConfiguration$$EnhancerBySpringCGLIB$$d5258cd1] is not eligible for getting processed by all BeanPostProcessors (for example: not eligible for auto-proxying)
2019-04-11 15:46:42.202  INFO [itcast-microservice-sleuth,,,] 21308 --- [main] trationDelegate$BeanPostProcessorChecker : Bean 'org.springframework.cloud.sleuth.instrument.web.client.TraceWebClientAutoConfiguration$TraceOAuthConfiguration' of type [org.springframework.cloud.sleuth.instrument.web.client.TraceWebClientAutoConfiguration$TraceOAuthConfiguration$$EnhancerBySpringCGLIB$$323e7311] is not eligible for getting processed by all BeanPostProcessors (for example: not eligible for auto-proxying)
2019-04-11 15:46:42.722  INFO [itcast-microservice-sleuth,,,] 21308 --- [main] s.b.c.e.t.TomcatEmbeddedServletContainer : Tomcat initialized with port(s): 6883 (http)
2019-04-11 15:46:42.736  INFO [itcast-microservice-sleuth,,,] 21308 --- [main] o.apache.catalina.core.StandardService   : Starting service [Tomcat]
2019-04-11 15:46:42.737  INFO [itcast-microservice-sleuth,,,] 21308 --- [main] org.apache.catalina.core.StandardEngine  : Starting Servlet Engine: Apache Tomcat/8.5.15
2019-04-11 15:46:42.849  INFO [itcast-microservice-sleuth,,,] 21308 --- [localhost-startStop-1] o.a.c.c.C.[Tomcat].[localhost].[/]       : Initializing Spring embedded WebApplicationContext
2019-04-11 15:46:42.850  INFO [itcast-microservice-sleuth,,,] 21308 --- [localhost-startStop-1] o.s.web.context.ContextLoader            : Root WebApplicationContext: initialization completed in 2120 ms
2019-04-11 15:46:43.665  INFO [itcast-microservice-sleuth,,,] 21308 --- [localhost-startStop-1] o.s.b.w.servlet.FilterRegistrationBean   : Mapping filter: 'metricsFilter' to: [/*]
2019-04-11 15:46:43.666  INFO [itcast-microservice-sleuth,,,] 21308 --- [localhost-startStop-1] o.s.b.w.servlet.FilterRegistrationBean   : Mapping filter: 'characterEncodingFilter' to: [/*]
2019-04-11 15:46:43.666  INFO [itcast-microservice-sleuth,,,] 21308 --- [localhost-startStop-1] o.s.b.w.servlet.FilterRegistrationBean   : Mapping filter: 'traceFilter' to: [/*]
2019-04-11 15:46:43.666  INFO [itcast-microservice-sleuth,,,] 21308 --- [localhost-startStop-1] o.s.b.w.servlet.FilterRegistrationBean   : Mapping filter: 'hiddenHttpMethodFilter' to: [/*]
2019-04-11 15:46:43.666  INFO [itcast-microservice-sleuth,,,] 21308 --- [localhost-startStop-1] o.s.b.w.servlet.FilterRegistrationBean   : Mapping filter: 'httpPutFormContentFilter' to: [/*]
2019-04-11 15:46:43.666  INFO [itcast-microservice-sleuth,,,] 21308 --- [localhost-startStop-1] o.s.b.w.servlet.FilterRegistrationBean   : Mapping filter: 'requestContextFilter' to: [/*]
2019-04-11 15:46:43.667  INFO [itcast-microservice-sleuth,,,] 21308 --- [localhost-startStop-1] o.s.b.w.servlet.FilterRegistrationBean   : Mapping filter: 'webRequestLoggingFilter' to: [/*]
2019-04-11 15:46:43.667  INFO [itcast-microservice-sleuth,,,] 21308 --- [localhost-startStop-1] o.s.b.w.servlet.FilterRegistrationBean   : Mapping filter: 'applicationContextIdFilter' to: [/*]
2019-04-11 15:46:43.667  INFO [itcast-microservice-sleuth,,,] 21308 --- [localhost-startStop-1] o.s.b.w.servlet.ServletRegistrationBean  : Mapping servlet: 'dispatcherServlet' to [/]
2019-04-11 15:46:44.374  WARN [itcast-microservice-sleuth,,,] 21308 --- [main] c.n.c.sources.URLConfigurationSource     : No URLs will be polled as dynamic configuration sources.
2019-04-11 15:46:44.374  INFO [itcast-microservice-sleuth,,,] 21308 --- [main] c.n.c.sources.URLConfigurationSource     : To enable URLs as dynamic configuration sources, define System property archaius.configurationSource.additionalUrls or make config.properties available on classpath.
2019-04-11 15:46:44.381  WARN [itcast-microservice-sleuth,,,] 21308 --- [main] c.n.c.sources.URLConfigurationSource     : No URLs will be polled as dynamic configuration sources.
2019-04-11 15:46:44.381  INFO [itcast-microservice-sleuth,,,] 21308 --- [main] c.n.c.sources.URLConfigurationSource     : To enable URLs as dynamic configuration sources, define System property archaius.configurationSource.additionalUrls or make config.properties available on classpath.
2019-04-11 15:46:45.050  INFO [itcast-microservice-sleuth,,,] 21308 --- [main] s.w.s.m.m.a.RequestMappingHandlerAdapter : Looking for @ControllerAdvice: org.springframework.boot.context.embedded.AnnotationConfigEmbeddedWebApplicationContext@59a198dd: startup date [Thu Apr 11 15:46:40 CST 2019]; parent: org.springframework.context.annotation.AnnotationConfigApplicationContext@6ba52819
2019-04-11 15:46:45.316  INFO [itcast-microservice-sleuth,,,] 21308 --- [main] s.w.s.m.m.a.RequestMappingHandlerMapping : Mapped "{[/]}" onto public java.lang.String cn.itcast.sleuth.Application.home()
2019-04-11 15:46:45.319  INFO [itcast-microservice-sleuth,,,] 21308 --- [main] s.w.s.m.m.a.RequestMappingHandlerMapping : Mapped "{[/error]}" onto public org.springframework.http.ResponseEntity<java.util.Map<java.lang.String, java.lang.Object>> org.springframework.boot.autoconfigure.web.BasicErrorController.error(javax.servlet.http.HttpServletRequest)
2019-04-11 15:46:45.320  INFO [itcast-microservice-sleuth,,,] 21308 --- [main] s.w.s.m.m.a.RequestMappingHandlerMapping : Mapped "{[/error],produces=[text/html]}" onto public org.springframework.web.servlet.ModelAndView org.springframework.boot.autoconfigure.web.BasicErrorController.errorHtml(javax.servlet.http.HttpServletRequest,javax.servlet.http.HttpServletResponse)
2019-04-11 15:46:45.486  INFO [itcast-microservice-sleuth,,,] 21308 --- [main] o.s.w.s.handler.SimpleUrlHandlerMapping  : Mapped URL path [/webjars/**] onto handler of type [class org.springframework.web.servlet.resource.ResourceHttpRequestHandler]
2019-04-11 15:46:45.487  INFO [itcast-microservice-sleuth,,,] 21308 --- [main] o.s.w.s.handler.SimpleUrlHandlerMapping  : Mapped URL path [/**] onto handler of type [class org.springframework.web.servlet.resource.ResourceHttpRequestHandler]
2019-04-11 15:46:45.620  INFO [itcast-microservice-sleuth,,,] 21308 --- [main] o.s.w.s.handler.SimpleUrlHandlerMapping  : Mapped URL path [/**/favicon.ico] onto handler of type [class org.springframework.web.servlet.resource.ResourceHttpRequestHandler]
2019-04-11 15:46:46.919  INFO [itcast-microservice-sleuth,,,] 21308 --- [main] o.s.b.a.e.mvc.EndpointHandlerMapping     : Mapped "{[/info || /info.json],methods=[GET],produces=[application/vnd.spring-boot.actuator.v1+json || application/json]}" onto public java.lang.Object org.springframework.boot.actuate.endpoint.mvc.EndpointMvcAdapter.invoke()
2019-04-11 15:46:46.920  INFO [itcast-microservice-sleuth,,,] 21308 --- [main] o.s.b.a.e.mvc.EndpointHandlerMapping     : Mapped "{[/restart || /restart.json],methods=[POST]}" onto public java.lang.Object org.springframework.cloud.context.restart.RestartMvcEndpoint.invoke()
2019-04-11 15:46:46.921  INFO [itcast-microservice-sleuth,,,] 21308 --- [main] o.s.b.a.e.mvc.EndpointHandlerMapping     : Mapped "{[/pause || /pause.json],methods=[POST]}" onto public java.lang.Object org.springframework.cloud.endpoint.GenericPostableMvcEndpoint.invoke()
2019-04-11 15:46:46.922  INFO [itcast-microservice-sleuth,,,] 21308 --- [main] o.s.b.a.e.mvc.EndpointHandlerMapping     : Mapped "{[/resume || /resume.json],methods=[POST]}" onto public java.lang.Object org.springframework.cloud.endpoint.GenericPostableMvcEndpoint.invoke()
2019-04-11 15:46:46.924  INFO [itcast-microservice-sleuth,,,] 21308 --- [main] o.s.b.a.e.mvc.EndpointHandlerMapping     : Mapped "{[/metrics/{name:.*}],methods=[GET],produces=[application/vnd.spring-boot.actuator.v1+json || application/json]}" onto public java.lang.Object org.springframework.boot.actuate.endpoint.mvc.MetricsMvcEndpoint.value(java.lang.String)
2019-04-11 15:46:46.924  INFO [itcast-microservice-sleuth,,,] 21308 --- [main] o.s.b.a.e.mvc.EndpointHandlerMapping     : Mapped "{[/metrics || /metrics.json],methods=[GET],produces=[application/vnd.spring-boot.actuator.v1+json || application/json]}" onto public java.lang.Object org.springframework.boot.actuate.endpoint.mvc.EndpointMvcAdapter.invoke()
2019-04-11 15:46:46.925  INFO [itcast-microservice-sleuth,,,] 21308 --- [main] o.s.b.a.e.mvc.EndpointHandlerMapping     : Mapped "{[/env],methods=[POST]}" onto public java.lang.Object org.springframework.cloud.context.environment.EnvironmentManagerMvcEndpoint.value(java.util.Map<java.lang.String, java.lang.String>)
2019-04-11 15:46:46.925  INFO [itcast-microservice-sleuth,,,] 21308 --- [main] o.s.b.a.e.mvc.EndpointHandlerMapping     : Mapped "{[/env/reset],methods=[POST]}" onto public java.util.Map<java.lang.String, java.lang.Object> org.springframework.cloud.context.environment.EnvironmentManagerMvcEndpoint.reset()
2019-04-11 15:46:46.926  INFO [itcast-microservice-sleuth,,,] 21308 --- [main] o.s.b.a.e.mvc.EndpointHandlerMapping     : Mapped "{[/health || /health.json],methods=[GET],produces=[application/vnd.spring-boot.actuator.v1+json || application/json]}" onto public java.lang.Object org.springframework.boot.actuate.endpoint.mvc.HealthMvcEndpoint.invoke(javax.servlet.http.HttpServletRequest,java.security.Principal)
2019-04-11 15:46:46.928  INFO [itcast-microservice-sleuth,,,] 21308 --- [main] o.s.b.a.e.mvc.EndpointHandlerMapping     : Mapped "{[/env/{name:.*}],methods=[GET],produces=[application/vnd.spring-boot.actuator.v1+json || application/json]}" onto public java.lang.Object org.springframework.boot.actuate.endpoint.mvc.EnvironmentMvcEndpoint.value(java.lang.String)
2019-04-11 15:46:46.928  INFO [itcast-microservice-sleuth,,,] 21308 --- [main] o.s.b.a.e.mvc.EndpointHandlerMapping     : Mapped "{[/env || /env.json],methods=[GET],produces=[application/vnd.spring-boot.actuator.v1+json || application/json]}" onto public java.lang.Object org.springframework.boot.actuate.endpoint.mvc.EndpointMvcAdapter.invoke()
2019-04-11 15:46:46.929  INFO [itcast-microservice-sleuth,,,] 21308 --- [main] o.s.b.a.e.mvc.EndpointHandlerMapping     : Mapped "{[/features || /features.json],methods=[GET],produces=[application/vnd.spring-boot.actuator.v1+json || application/json]}" onto public java.lang.Object org.springframework.boot.actuate.endpoint.mvc.EndpointMvcAdapter.invoke()
2019-04-11 15:46:46.930  INFO [itcast-microservice-sleuth,,,] 21308 --- [main] o.s.b.a.e.mvc.EndpointHandlerMapping     : Mapped "{[/heapdump || /heapdump.json],methods=[GET],produces=[application/octet-stream]}" onto public void org.springframework.boot.actuate.endpoint.mvc.HeapdumpMvcEndpoint.invoke(boolean,javax.servlet.http.HttpServletRequest,javax.servlet.http.HttpServletResponse) throws java.io.IOException,javax.servlet.ServletException
2019-04-11 15:46:46.932  INFO [itcast-microservice-sleuth,,,] 21308 --- [main] o.s.b.a.e.mvc.EndpointHandlerMapping     : Mapped "{[/refresh || /refresh.json],methods=[POST]}" onto public java.lang.Object org.springframework.cloud.endpoint.GenericPostableMvcEndpoint.invoke()
2019-04-11 15:46:46.933  INFO [itcast-microservice-sleuth,,,] 21308 --- [main] o.s.b.a.e.mvc.EndpointHandlerMapping     : Mapped "{[/trace || /trace.json],methods=[GET],produces=[application/vnd.spring-boot.actuator.v1+json || application/json]}" onto public java.lang.Object org.springframework.boot.actuate.endpoint.mvc.EndpointMvcAdapter.invoke()
2019-04-11 15:46:46.937  INFO [itcast-microservice-sleuth,,,] 21308 --- [main] o.s.b.a.e.mvc.EndpointHandlerMapping     : Mapped "{[/loggers/{name:.*}],methods=[GET],produces=[application/vnd.spring-boot.actuator.v1+json || application/json]}" onto public java.lang.Object org.springframework.boot.actuate.endpoint.mvc.LoggersMvcEndpoint.get(java.lang.String)
2019-04-11 15:46:46.938  INFO [itcast-microservice-sleuth,,,] 21308 --- [main] o.s.b.a.e.mvc.EndpointHandlerMapping     : Mapped "{[/loggers/{name:.*}],methods=[POST],consumes=[application/vnd.spring-boot.actuator.v1+json || application/json],produces=[application/vnd.spring-boot.actuator.v1+json || application/json]}" onto public java.lang.Object org.springframework.boot.actuate.endpoint.mvc.LoggersMvcEndpoint.set(java.lang.String,java.util.Map<java.lang.String, java.lang.String>)
2019-04-11 15:46:46.938  INFO [itcast-microservice-sleuth,,,] 21308 --- [main] o.s.b.a.e.mvc.EndpointHandlerMapping     : Mapped "{[/loggers || /loggers.json],methods=[GET],produces=[application/vnd.spring-boot.actuator.v1+json || application/json]}" onto public java.lang.Object org.springframework.boot.actuate.endpoint.mvc.EndpointMvcAdapter.invoke()
2019-04-11 15:46:46.939  INFO [itcast-microservice-sleuth,,,] 21308 --- [main] o.s.b.a.e.mvc.EndpointHandlerMapping     : Mapped "{[/mappings || /mappings.json],methods=[GET],produces=[application/vnd.spring-boot.actuator.v1+json || application/json]}" onto public java.lang.Object org.springframework.boot.actuate.endpoint.mvc.EndpointMvcAdapter.invoke()
2019-04-11 15:46:46.939  INFO [itcast-microservice-sleuth,,,] 21308 --- [main] o.s.b.a.e.mvc.EndpointHandlerMapping     : Mapped "{[/configprops || /configprops.json],methods=[GET],produces=[application/vnd.spring-boot.actuator.v1+json || application/json]}" onto public java.lang.Object org.springframework.boot.actuate.endpoint.mvc.EndpointMvcAdapter.invoke()
2019-04-11 15:46:46.941  INFO [itcast-microservice-sleuth,,,] 21308 --- [main] o.s.b.a.e.mvc.EndpointHandlerMapping     : Mapped "{[/logfile || /logfile.json],methods=[GET || HEAD]}" onto public void org.springframework.boot.actuate.endpoint.mvc.LogFileMvcEndpoint.invoke(javax.servlet.http.HttpServletRequest,javax.servlet.http.HttpServletResponse) throws javax.servlet.ServletException,java.io.IOException
2019-04-11 15:46:46.941  INFO [itcast-microservice-sleuth,,,] 21308 --- [main] o.s.b.a.e.mvc.EndpointHandlerMapping     : Mapped "{[/autoconfig || /autoconfig.json],methods=[GET],produces=[application/vnd.spring-boot.actuator.v1+json || application/json]}" onto public java.lang.Object org.springframework.boot.actuate.endpoint.mvc.EndpointMvcAdapter.invoke()
2019-04-11 15:46:46.942  INFO [itcast-microservice-sleuth,,,] 21308 --- [main] o.s.b.a.e.mvc.EndpointHandlerMapping     : Mapped "{[/auditevents || /auditevents.json],methods=[GET],produces=[application/vnd.spring-boot.actuator.v1+json || application/json]}" onto public org.springframework.http.ResponseEntity<?> org.springframework.boot.actuate.endpoint.mvc.AuditEventsMvcEndpoint.findByPrincipalAndAfterAndType(java.lang.String,java.util.Date,java.lang.String)
2019-04-11 15:46:46.943  INFO [itcast-microservice-sleuth,,,] 21308 --- [main] o.s.b.a.e.mvc.EndpointHandlerMapping     : Mapped "{[/dump || /dump.json],methods=[GET],produces=[application/vnd.spring-boot.actuator.v1+json || application/json]}" onto public java.lang.Object org.springframework.boot.actuate.endpoint.mvc.EndpointMvcAdapter.invoke()
2019-04-11 15:46:46.944  INFO [itcast-microservice-sleuth,,,] 21308 --- [main] o.s.b.a.e.mvc.EndpointHandlerMapping     : Mapped "{[/archaius || /archaius.json],methods=[GET],produces=[application/vnd.spring-boot.actuator.v1+json || application/json]}" onto public java.lang.Object org.springframework.boot.actuate.endpoint.mvc.EndpointMvcAdapter.invoke()
2019-04-11 15:46:46.944  INFO [itcast-microservice-sleuth,,,] 21308 --- [main] o.s.b.a.e.mvc.EndpointHandlerMapping     : Mapped "{[/beans || /beans.json],methods=[GET],produces=[application/vnd.spring-boot.actuator.v1+json || application/json]}" onto public java.lang.Object org.springframework.boot.actuate.endpoint.mvc.EndpointMvcAdapter.invoke()
2019-04-11 15:46:47.186  INFO [itcast-microservice-sleuth,,,] 21308 --- [main] o.s.ui.freemarker.SpringTemplateLoader   : SpringTemplateLoader for FreeMarker: using resource loader [org.springframework.boot.context.embedded.AnnotationConfigEmbeddedWebApplicationContext@59a198dd: startup date [Thu Apr 11 15:46:40 CST 2019]; parent: org.springframework.context.annotation.AnnotationConfigApplicationContext@6ba52819] and template loader path [classpath:/templates/]
2019-04-11 15:46:47.188  INFO [itcast-microservice-sleuth,,,] 21308 --- [main] o.s.w.s.v.f.FreeMarkerConfigurer         : ClassTemplateLoader for Spring macros added to FreeMarker configuration
2019-04-11 15:46:48.183  INFO [itcast-microservice-sleuth,,,] 21308 --- [main] o.s.s.c.ThreadPoolTaskScheduler          : Initializing ExecutorService 
2019-04-11 15:46:48.506  INFO [itcast-microservice-sleuth,,,] 21308 --- [main] o.s.j.e.a.AnnotationMBeanExporter        : Registering beans for JMX exposure on startup
2019-04-11 15:46:48.518  INFO [itcast-microservice-sleuth,,,] 21308 --- [main] o.s.j.e.a.AnnotationMBeanExporter        : Bean with name 'environmentManager' has been autodetected for JMX exposure
2019-04-11 15:46:48.520  INFO [itcast-microservice-sleuth,,,] 21308 --- [main] o.s.j.e.a.AnnotationMBeanExporter        : Bean with name 'configurationPropertiesRebinder' has been autodetected for JMX exposure
2019-04-11 15:46:48.521  INFO [itcast-microservice-sleuth,,,] 21308 --- [main] o.s.j.e.a.AnnotationMBeanExporter        : Bean with name 'refreshEndpoint' has been autodetected for JMX exposure
2019-04-11 15:46:48.521  INFO [itcast-microservice-sleuth,,,] 21308 --- [main] o.s.j.e.a.AnnotationMBeanExporter        : Bean with name 'restartEndpoint' has been autodetected for JMX exposure
2019-04-11 15:46:48.523  INFO [itcast-microservice-sleuth,,,] 21308 --- [main] o.s.j.e.a.AnnotationMBeanExporter        : Bean with name 'refreshScope' has been autodetected for JMX exposure
2019-04-11 15:46:48.526  INFO [itcast-microservice-sleuth,,,] 21308 --- [main] o.s.j.e.a.AnnotationMBeanExporter        : Located managed bean 'environmentManager': registering with JMX server as MBean [org.springframework.cloud.context.environment:name=environmentManager,type=EnvironmentManager]
2019-04-11 15:46:48.544  INFO [itcast-microservice-sleuth,,,] 21308 --- [main] o.s.j.e.a.AnnotationMBeanExporter        : Located managed bean 'restartEndpoint': registering with JMX server as MBean [org.springframework.cloud.context.restart:name=restartEndpoint,type=RestartEndpoint]
2019-04-11 15:46:48.559  INFO [itcast-microservice-sleuth,,,] 21308 --- [main] o.s.j.e.a.AnnotationMBeanExporter        : Located managed bean 'refreshScope': registering with JMX server as MBean [org.springframework.cloud.context.scope.refresh:name=refreshScope,type=RefreshScope]
2019-04-11 15:46:48.578  INFO [itcast-microservice-sleuth,,,] 21308 --- [main] o.s.j.e.a.AnnotationMBeanExporter        : Located managed bean 'configurationPropertiesRebinder': registering with JMX server as MBean [org.springframework.cloud.context.properties:name=configurationPropertiesRebinder,context=59a198dd,type=ConfigurationPropertiesRebinder]
2019-04-11 15:46:48.585  INFO [itcast-microservice-sleuth,,,] 21308 --- [main] o.s.j.e.a.AnnotationMBeanExporter        : Located managed bean 'refreshEndpoint': registering with JMX server as MBean [org.springframework.cloud.endpoint:name=refreshEndpoint,type=RefreshEndpoint]
2019-04-11 15:46:48.689  INFO [itcast-microservice-sleuth,,,] 21308 --- [main] o.s.c.support.DefaultLifecycleProcessor  : Starting beans in phase 0
2019-04-11 15:46:48.808  INFO [itcast-microservice-sleuth,,,] 21308 --- [main] s.b.c.e.t.TomcatEmbeddedServletContainer : Tomcat started on port(s): 6883 (http)
2019-04-11 15:46:48.812  INFO [itcast-microservice-sleuth,,,] 21308 --- [main] cn.itcast.sleuth.Application             : Started Application in 9.67 seconds (JVM running for 12.975)
2019-04-11 15:46:56.386 DEBUG [itcast-microservice-sleuth,,,] 21308 --- [http-nio-6883-exec-2] o.s.web.servlet.DispatcherServlet        : Initializing servlet 'dispatcherServlet'
2019-04-11 15:46:56.389  INFO [itcast-microservice-sleuth,,,] 21308 --- [http-nio-6883-exec-2] o.a.c.c.C.[Tomcat].[localhost].[/]       : Initializing Spring FrameworkServlet 'dispatcherServlet'
2019-04-11 15:46:56.389  INFO [itcast-microservice-sleuth,,,] 21308 --- [http-nio-6883-exec-2] o.s.web.servlet.DispatcherServlet        : FrameworkServlet 'dispatcherServlet': initialization started
2019-04-11 15:46:56.390 DEBUG [itcast-microservice-sleuth,,,] 21308 --- [http-nio-6883-exec-2] o.s.web.servlet.DispatcherServlet        : Using MultipartResolver [org.springframework.web.multipart.support.StandardServletMultipartResolver@4e647c78]
2019-04-11 15:46:56.398 DEBUG [itcast-microservice-sleuth,,,] 21308 --- [http-nio-6883-exec-2] o.s.web.servlet.DispatcherServlet        : Unable to locate LocaleResolver with name 'localeResolver': using default [org.springframework.web.servlet.i18n.AcceptHeaderLocaleResolver@469382db]
2019-04-11 15:46:56.407 DEBUG [itcast-microservice-sleuth,,,] 21308 --- [http-nio-6883-exec-2] o.s.web.servlet.DispatcherServlet        : Unable to locate ThemeResolver with name 'themeResolver': using default [org.springframework.web.servlet.theme.FixedThemeResolver@2eec57e2]
2019-04-11 15:46:56.431 DEBUG [itcast-microservice-sleuth,,,] 21308 --- [http-nio-6883-exec-2] o.s.web.servlet.DispatcherServlet        : Unable to locate RequestToViewNameTranslator with name 'viewNameTranslator': using default [org.springframework.web.servlet.view.DefaultRequestToViewNameTranslator@306c1b14]
2019-04-11 15:46:56.449 DEBUG [itcast-microservice-sleuth,,,] 21308 --- [http-nio-6883-exec-2] o.s.web.servlet.DispatcherServlet        : Unable to locate FlashMapManager with name 'flashMapManager': using default [org.springframework.web.servlet.support.SessionFlashMapManager@28b59be]
2019-04-11 15:46:56.450 DEBUG [itcast-microservice-sleuth,,,] 21308 --- [http-nio-6883-exec-2] o.s.web.servlet.DispatcherServlet        : Published WebApplicationContext of servlet 'dispatcherServlet' as ServletContext attribute with name [org.springframework.web.servlet.FrameworkServlet.CONTEXT.dispatcherServlet]
2019-04-11 15:46:56.450  INFO [itcast-microservice-sleuth,,,] 21308 --- [http-nio-6883-exec-2] o.s.web.servlet.DispatcherServlet        : FrameworkServlet 'dispatcherServlet': initialization completed in 60 ms
2019-04-11 15:46:56.450 DEBUG [itcast-microservice-sleuth,,,] 21308 --- [http-nio-6883-exec-2] o.s.web.servlet.DispatcherServlet        : Servlet 'dispatcherServlet' configured successfully
2019-04-11 15:46:56.482 DEBUG [itcast-microservice-sleuth,5fa22086e7cd5c73,5fa22086e7cd5c73,false] 21308 --- [http-nio-6883-exec-2] o.s.web.servlet.DispatcherServlet        : DispatcherServlet with name 'dispatcherServlet' processing GET request for [/]
2019-04-11 15:46:56.493 DEBUG [itcast-microservice-sleuth,5fa22086e7cd5c73,5fa22086e7cd5c73,false] 21308 --- [http-nio-6883-exec-2] o.s.web.servlet.DispatcherServlet        : Last-Modified value for [/] is: -1
2019-04-11 15:46:56.505  INFO [itcast-microservice-sleuth,5fa22086e7cd5c73,5fa22086e7cd5c73,false] 21308 --- [http-nio-6883-exec-2] cn.itcast.sleuth.Application             : Handling home
2019-04-11 15:46:56.520 DEBUG [itcast-microservice-sleuth,5fa22086e7cd5c73,5fa22086e7cd5c73,false] 21308 --- [http-nio-6883-exec-2] o.s.web.servlet.DispatcherServlet        : Null ModelAndView returned to DispatcherServlet with name 'dispatcherServlet': assuming HandlerAdapter completed request handling
2019-04-11 15:46:56.568 DEBUG [itcast-microservice-sleuth,5fa22086e7cd5c73,5fa22086e7cd5c73,false] 21308 --- [http-nio-6883-exec-2] o.s.web.servlet.DispatcherServlet        : Successfully completed request
2019-04-11 15:46:56.580 DEBUG [itcast-microservice-sleuth,b92dd9beb33243d8,b92dd9beb33243d8,false] 21308 --- [http-nio-6883-exec-2] o.s.web.servlet.DispatcherServlet        : DispatcherServlet with name 'dispatcherServlet' processing GET request for [/favicon.ico]
2019-04-11 15:46:56.581 DEBUG [itcast-microservice-sleuth,b92dd9beb33243d8,b92dd9beb33243d8,false] 21308 --- [http-nio-6883-exec-2] o.s.web.servlet.DispatcherServlet        : Last-Modified value for [/favicon.ico] is: -1
2019-04-11 15:46:56.599 DEBUG [itcast-microservice-sleuth,b92dd9beb33243d8,b92dd9beb33243d8,false] 21308 --- [http-nio-6883-exec-2] o.s.web.servlet.DispatcherServlet        : Null ModelAndView returned to DispatcherServlet with name 'dispatcherServlet': assuming HandlerAdapter completed request handling
2019-04-11 15:46:56.599 DEBUG [itcast-microservice-sleuth,b92dd9beb33243d8,b92dd9beb33243d8,false] 21308 --- [http-nio-6883-exec-2] o.s.web.servlet.DispatcherServlet        : Successfully completed request
2019-04-11 15:47:07.676 DEBUG [itcast-microservice-sleuth,106f678cb13d71e8,106f678cb13d71e8,false] 21308 --- [http-nio-6883-exec-3] o.s.web.servlet.DispatcherServlet        : DispatcherServlet with name 'dispatcherServlet' processing GET request for [/]
2019-04-11 15:47:07.680 DEBUG [itcast-microservice-sleuth,106f678cb13d71e8,106f678cb13d71e8,false] 21308 --- [http-nio-6883-exec-3] o.s.web.servlet.DispatcherServlet        : Last-Modified value for [/] is: -1
2019-04-11 15:47:07.680  INFO [itcast-microservice-sleuth,106f678cb13d71e8,106f678cb13d71e8,false] 21308 --- [http-nio-6883-exec-3] cn.itcast.sleuth.Application             : Handling home
2019-04-11 15:47:07.683 DEBUG [itcast-microservice-sleuth,106f678cb13d71e8,106f678cb13d71e8,false] 21308 --- [http-nio-6883-exec-3] o.s.web.servlet.DispatcherServlet        : Null ModelAndView returned to DispatcherServlet with name 'dispatcherServlet': assuming HandlerAdapter completed request handling
2019-04-11 15:47:07.684 DEBUG [itcast-microservice-sleuth,106f678cb13d71e8,106f678cb13d71e8,false] 21308 --- [http-nio-6883-exec-3] o.s.web.servlet.DispatcherServlet        : Successfully completed request
2019-04-11 15:47:07.706 DEBUG [itcast-microservice-sleuth,62795f2adaacd573,62795f2adaacd573,false] 21308 --- [http-nio-6883-exec-4] o.s.web.servlet.DispatcherServlet        : DispatcherServlet with name 'dispatcherServlet' processing GET request for [/favicon.ico]
2019-04-11 15:47:07.706 DEBUG [itcast-microservice-sleuth,62795f2adaacd573,62795f2adaacd573,false] 21308 --- [http-nio-6883-exec-4] o.s.web.servlet.DispatcherServlet        : Last-Modified value for [/favicon.ico] is: -1
2019-04-11 15:47:07.710 DEBUG [itcast-microservice-sleuth,62795f2adaacd573,62795f2adaacd573,false] 21308 --- [http-nio-6883-exec-4] o.s.web.servlet.DispatcherServlet        : Null ModelAndView returned to DispatcherServlet with name 'dispatcherServlet': assuming HandlerAdapter completed request handling
2019-04-11 15:47:07.711 DEBUG [itcast-microservice-sleuth,62795f2adaacd573,62795f2adaacd573,false] 21308 --- [http-nio-6883-exec-4] o.s.web.servlet.DispatcherServlet        : Successfully completed request
